13:30:41: Creating resource group General
13:30:41: Creating resource group Internal
13:30:41: Creating resource group Autodetect
13:30:41: SceneManagerFactory for type 'DefaultSceneManager' registered.
13:30:41: Registering ResourceManager for type Material
13:30:41: Registering ResourceManager for type Mesh
13:30:41: Registering ResourceManager for type Skeleton
13:30:41: MovableObjectFactory for type 'ParticleSystem' registered.
13:30:41: OverlayElementFactory for type Panel registered.
13:30:41: OverlayElementFactory for type BorderPanel registered.
13:30:41: OverlayElementFactory for type TextArea registered.
13:30:41: Registering ResourceManager for type Font
13:30:41: ArchiveFactory for archive type FileSystem registered.
13:30:41: ArchiveFactory for archive type Zip registered.
13:30:41: DDS codec registering
13:30:41: FreeImage version: 3.15.1
13:30:41: This program uses FreeImage, a free, open source image library supporting all common bitmap formats. See http://freeimage.sourceforge.net for details
13:30:41: Supported formats: bmp,ico,jpg,jif,jpeg,jpe,jng,koa,iff,lbm,mng,pbm,pbm,pcd,pcx,pgm,pgm,png,ppm,ppm,ras,tga,targa,tif,tiff,wap,wbmp,wbm,psd,cut,xbm,xpm,gif,hdr,g3,sgi,exr,j2k,j2c,jp2,pfm,pct,pict,pic,3fr,arw,bay,bmq,cap,cine,cr2,crw,cs1,dc2,dcr,drf,dsc,dng,erf,fff,ia,iiq,k25,kc2,kdc,mdc,mef,mos,mrw,nef,nrw,orf,pef,ptx,pxn,qtk,raf,raw,rdc,rw2,rwl,rwz,sr2,srf,sti
13:30:41: Registering ResourceManager for type HighLevelGpuProgram
13:30:41: Registering ResourceManager for type Compositor
13:30:41: MovableObjectFactory for type 'Entity' registered.
13:30:41: MovableObjectFactory for type 'Light' registered.
13:30:41: MovableObjectFactory for type 'BillboardSet' registered.
13:30:41: MovableObjectFactory for type 'ManualObject' registered.
13:30:41: MovableObjectFactory for type 'BillboardChain' registered.
13:30:41: MovableObjectFactory for type 'RibbonTrail' registered.
13:30:41: Loading library /usr/lib/i386-linux-gnu/OGRE-1.7.4/RenderSystem_GL
13:30:41: Installing plugin: GL RenderSystem
13:30:41: OpenGL Rendering Subsystem created.
13:30:41: Plugin successfully installed
13:30:41: Loading library /usr/lib/i386-linux-gnu/OGRE-1.7.4/Plugin_ParticleFX
13:30:41: Installing plugin: ParticleFX
13:30:41: Particle Emitter Type 'Point' registered
13:30:41: Particle Emitter Type 'Box' registered
13:30:41: Particle Emitter Type 'Ellipsoid' registered
13:30:41: Particle Emitter Type 'Cylinder' registered
13:30:41: Particle Emitter Type 'Ring' registered
13:30:41: Particle Emitter Type 'HollowEllipsoid' registered
13:30:41: Particle Affector Type 'LinearForce' registered
13:30:41: Particle Affector Type 'ColourFader' registered
13:30:41: Particle Affector Type 'ColourFader2' registered
13:30:41: Particle Affector Type 'ColourImage' registered
13:30:41: Particle Affector Type 'ColourInterpolator' registered
13:30:41: Particle Affector Type 'Scaler' registered
13:30:41: Particle Affector Type 'Rotator' registered
13:30:41: Particle Affector Type 'DirectionRandomiser' registered
13:30:41: Particle Affector Type 'DeflectorPlane' registered
13:30:41: Plugin successfully installed
13:30:41: Loading library /usr/lib/i386-linux-gnu/OGRE-1.7.4/Plugin_BSPSceneManager
13:30:41: Installing plugin: BSP Scene Manager
13:30:41: Plugin successfully installed
13:30:41: Loading library /usr/lib/i386-linux-gnu/OGRE-1.7.4/Plugin_PCZSceneManager
13:30:41: Installing plugin: Portal Connected Zone Scene Manager
13:30:41: PCZone Factory Type 'ZoneType_Default' registered
13:30:41: Plugin successfully installed
13:30:41: *-*-* OGRE Initialising
13:30:41: *-*-* Version 1.7.4 (Cthugha)
13:30:41: Added resource location '/usr/share/OGRE/media' of type 'FileSystem' to resource group 'General'
13:30:41: Parsing scripts for resource group Autodetect
13:30:41: Finished parsing scripts for resource group Autodetect
13:30:41: Parsing scripts for resource group General
13:30:41: Finished parsing scripts for resource group General
13:30:41: Parsing scripts for resource group Internal
13:30:41: Finished parsing scripts for resource group Internal
13:30:41: CPU Identifier & Features
13:30:41: -------------------------
13:30:41:  *   CPU ID: GenuineIntel: Intel(R) Core(TM) i7-3615QM CPU @ 2.30GHz
13:30:41:  *      SSE: yes
13:30:41:  *     SSE2: yes
13:30:41:  *     SSE3: yes
13:30:41:  *      MMX: yes
13:30:41:  *   MMXEXT: yes
13:30:41:  *    3DNOW: no
13:30:41:  * 3DNOWEXT: no
13:30:41:  *     CMOV: yes
13:30:41:  *      TSC: yes
13:30:41:  *      FPU: yes
13:30:41:  *      PRO: yes
13:30:41:  *       HT: no
13:30:41: -------------------------
13:30:41: ******************************
*** Starting GLX Subsystem ***
******************************
13:30:41: GLRenderSystem::_createRenderWindow "Stickman", 800x600 windowed  miscParams: FSAA=0 displayFrequency=60 MHz gamma=No vsync=No 
13:30:41: OGRE EXCEPTION(6:FileNotFoundException): Cannot locate resource GLX_icon.png in resource group General or any other group. in ResourceGroupManager::openResource at /build/buildd/ogre-1.7.4/OgreMain/src/OgreResourceGroupManager.cpp (line 753)
13:30:41: GLXWindow::create used FBConfigID = 163
13:30:41: GL_VERSION = 2.1 Mesa 8.0.2
13:30:41: GL_VENDOR = VMware, Inc.
13:30:41: GL_RENDERER = Gallium 0.4 on SVGA3D; build: RELEASE;  
13:30:41: GL_EXTENSIONS = GL_ARB_multisample GL_EXT_abgr GL_EXT_bgra GL_EXT_blend_color GL_EXT_blend_minmax GL_EXT_blend_subtract GL_EXT_copy_texture GL_EXT_polygon_offset GL_EXT_subtexture GL_EXT_texture_object GL_EXT_vertex_array GL_EXT_compiled_vertex_array GL_EXT_texture GL_EXT_texture3D GL_IBM_rasterpos_clip GL_ARB_point_parameters GL_EXT_draw_range_elements GL_EXT_packed_pixels GL_EXT_point_parameters GL_EXT_rescale_normal GL_EXT_separate_specular_color GL_EXT_texture_edge_clamp GL_SGIS_generate_mipmap GL_SGIS_texture_border_clamp GL_SGIS_texture_edge_clamp GL_SGIS_texture_lod GL_ARB_framebuffer_sRGB GL_ARB_multitexture GL_EXT_framebuffer_sRGB GL_IBM_multimode_draw_arrays GL_IBM_texture_mirrored_repeat GL_ARB_texture_cube_map GL_ARB_texture_env_add GL_ARB_transpose_matrix GL_EXT_blend_func_separate GL_EXT_fog_coord GL_EXT_multi_draw_arrays GL_EXT_secondary_color GL_EXT_texture_env_add GL_EXT_texture_filter_anisotropic GL_EXT_texture_lod_bias GL_INGR_blend_func_separate GL_NV_blend_square GL_NV_light_max_exponent GL_NV_texgen_reflection GL_NV_texture_env_combine4 GL_SUN_multi_draw_arrays GL_ARB_texture_border_clamp GL_ARB_texture_compression GL_EXT_framebuffer_object GL_EXT_texture_env_combine GL_EXT_texture_env_dot3 GL_MESA_window_pos GL_NV_packed_depth_stencil GL_NV_texture_rectangle GL_ARB_depth_texture GL_ARB_occlusion_query GL_ARB_shadow GL_ARB_texture_env_combine GL_ARB_texture_env_crossbar GL_ARB_texture_env_dot3 GL_ARB_texture_mirrored_repeat GL_ARB_window_pos GL_EXT_stencil_two_side GL_EXT_texture_cube_map GL_NV_fog_distance GL_APPLE_packed_pixels GL_APPLE_vertex_array_object GL_ARB_draw_buffers GL_ARB_fragment_program GL_ARB_fragment_shader GL_ARB_shader_objects GL_ARB_vertex_program GL_ARB_vertex_shader GL_ATI_draw_buffers GL_ATI_texture_env_combine3 GL_ATI_texture_float GL_EXT_shadow_funcs GL_EXT_stencil_wrap GL_MESA_pack_invert GL_NV_primitive_restart GL_ARB_fragment_program_shadow GL_ARB_half_float_pixel GL_ARB_occlusion_query2 GL_ARB_point_sprite GL_ARB_shading_language_100 GL_ARB_sync GL_ARB_texture_non_power_of_two GL_ARB_vertex_buffer_object GL_ATI_blend_equation_separate GL_EXT_blend_equation_separate GL_OES_read_format GL_ARB_pixel_buffer_object GL_ARB_texture_float GL_ARB_texture_rectangle GL_EXT_pixel_buffer_object GL_EXT_texture_rectangle GL_EXT_texture_sRGB GL_ARB_framebuffer_object GL_EXT_framebuffer_blit GL_EXT_framebuffer_multisample GL_EXT_packed_depth_stencil GL_ARB_vertex_array_object GL_ATI_separate_stencil GL_EXT_gpu_program_parameters GL_EXT_texture_sRGB_decode GL_OES_EGL_image GL_ARB_copy_buffer GL_ARB_half_float_vertex GL_ARB_map_buffer_range GL_ARB_texture_swizzle GL_ARB_vertex_array_bgra GL_EXT_separate_shader_objects GL_EXT_texture_swizzle GL_EXT_vertex_array_bgra GL_ARB_draw_elements_base_vertex GL_ARB_explicit_attrib_location GL_ARB_fragment_coord_conventions GL_ARB_provoking_vertex GL_ARB_sampler_objects GL_EXT_provoking_vertex GL_ARB_robustness GL_ARB_texture_storage 
13:30:41: Supported GLX extensions: GLX_ARB_get_proc_address GLX_ARB_multisample GLX_EXT_import_context GLX_EXT_visual_info GLX_EXT_visual_rating GLX_MESA_copy_sub_buffer GLX_MESA_multithread_makecurrent GLX_MESA_swap_control GLX_OML_swap_method GLX_SGI_make_current_read GLX_SGI_video_sync GLX_SGIS_multisample GLX_SGIX_fbconfig GLX_SGIX_pbuffer GLX_SGIX_visual_select_group GLX_EXT_texture_from_pixmap 
13:30:41: ***************************
13:30:41: *** GL Renderer Started ***
13:30:41: ***************************
13:30:41: Registering ResourceManager for type GpuProgram
13:30:41: GLSL support detected
13:30:41: GL: Using GL_EXT_framebuffer_object for rendering to textures (best)
13:30:41: FBO PF_UNKNOWN depth/stencil support: D0S1 D0S4 D0S8 D0S16 D16S0 D24S0 D32S0 Packed-D24S8 
13:30:41: FBO PF_A4L4 depth/stencil support: D0S0 D0S1 D0S4 D0S8 D0S16 D16S0 D24S0 D32S0 Packed-D24S8 
13:30:41: FBO PF_BYTE_LA depth/stencil support: D0S0 D0S1 D0S4 D0S8 D0S16 D16S0 D24S0 D32S0 Packed-D24S8 
13:30:41: FBO PF_R5G6B5 depth/stencil support: D0S0 D0S1 D0S4 D0S8 D0S16 D16S0 D24S0 D32S0 Packed-D24S8 
13:30:41: FBO PF_B5G6R5 depth/stencil support: D0S0 D0S1 D0S4 D0S8 D0S16 D16S0 D24S0 D32S0 Packed-D24S8 
13:30:41: FBO PF_A4R4G4B4 depth/stencil support: D0S0 D0S1 D0S4 D0S8 D0S16 D16S0 D24S0 D32S0 Packed-D24S8 
13:30:41: FBO PF_A1R5G5B5 depth/stencil support: D0S0 D0S1 D0S4 D0S8 D0S16 D16S0 D24S0 D32S0 Packed-D24S8 
13:30:41: FBO PF_R8G8B8 depth/stencil support: D0S0 D0S1 D0S4 D0S8 D0S16 D16S0 D24S0 D32S0 Packed-D24S8 
13:30:41: FBO PF_B8G8R8 depth/stencil support: D0S0 D0S1 D0S4 D0S8 D0S16 D16S0 D24S0 D32S0 Packed-D24S8 
13:30:41: FBO PF_A8R8G8B8 depth/stencil support: D0S0 D0S1 D0S4 D0S8 D0S16 D16S0 D24S0 D32S0 Packed-D24S8 
13:30:41: FBO PF_B8G8R8A8 depth/stencil support: D0S0 D0S1 D0S4 D0S8 D0S16 D16S0 D24S0 D32S0 Packed-D24S8 
13:30:41: FBO PF_A2R10G10B10 depth/stencil support: D0S0 D0S1 D0S4 D0S8 D0S16 D16S0 D24S0 D32S0 Packed-D24S8 
13:30:41: FBO PF_A2B10G10R10 depth/stencil support: D0S0 D0S1 D0S4 D0S8 D0S16 D16S0 D24S0 D32S0 Packed-D24S8 
13:30:41: FBO PF_FLOAT16_RGB depth/stencil support: D0S0 D0S1 D0S4 D0S8 D0S16 D16S0 D24S0 D32S0 Packed-D24S8 
13:30:41: FBO PF_FLOAT16_RGBA depth/stencil support: D0S0 D0S1 D0S4 D0S8 D0S16 D16S0 D24S0 D32S0 Packed-D24S8 
13:30:41: FBO PF_FLOAT32_RGB depth/stencil support: D0S0 D0S1 D0S4 D0S8 D0S16 D16S0 D24S0 D32S0 Packed-D24S8 
13:30:41: FBO PF_FLOAT32_RGBA depth/stencil support: D0S0 D0S1 D0S4 D0S8 D0S16 D16S0 D24S0 D32S0 Packed-D24S8 
13:30:41: FBO PF_X8R8G8B8 depth/stencil support: D0S0 D0S1 D0S4 D0S8 D0S16 D16S0 D24S0 D32S0 Packed-D24S8 
13:30:41: FBO PF_X8B8G8R8 depth/stencil support: D0S0 D0S1 D0S4 D0S8 D0S16 D16S0 D24S0 D32S0 Packed-D24S8 
13:30:41: FBO PF_SHORT_RGBA depth/stencil support: D0S0 D0S1 D0S4 D0S8 D0S16 D16S0 D24S0 D32S0 Packed-D24S8 
13:30:41: FBO PF_R3G3B2 depth/stencil support: D0S0 D0S1 D0S4 D0S8 D0S16 D16S0 D24S0 D32S0 Packed-D24S8 
13:30:41: FBO PF_FLOAT16_R depth/stencil support: D0S0 D0S1 D0S4 D0S8 D0S16 D16S0 D24S0 D32S0 Packed-D24S8 
13:30:41: FBO PF_FLOAT32_R depth/stencil support: D0S0 D0S1 D0S4 D0S8 D0S16 D16S0 D24S0 D32S0 Packed-D24S8 
13:30:41: FBO PF_SHORT_GR depth/stencil support: D0S0 D0S1 D0S4 D0S8 D0S16 D16S0 D24S0 D32S0 Packed-D24S8 
13:30:41: FBO PF_FLOAT16_GR depth/stencil support: D0S0 D0S1 D0S4 D0S8 D0S16 D16S0 D24S0 D32S0 Packed-D24S8 
13:30:41: FBO PF_FLOAT32_GR depth/stencil support: D0S0 D0S1 D0S4 D0S8 D0S16 D16S0 D24S0 D32S0 Packed-D24S8 
13:30:41: FBO PF_SHORT_RGB depth/stencil support: D0S0 D0S1 D0S4 D0S8 D0S16 D16S0 D24S0 D32S0 Packed-D24S8 
13:30:41: [GL] : Valid FBO targets PF_UNKNOWN PF_A4L4 PF_BYTE_LA PF_R5G6B5 PF_B5G6R5 PF_A4R4G4B4 PF_A1R5G5B5 PF_R8G8B8 PF_B8G8R8 PF_A8R8G8B8 PF_B8G8R8A8 PF_A2R10G10B10 PF_A2B10G10R10 PF_FLOAT16_RGB PF_FLOAT16_RGBA PF_FLOAT32_RGB PF_FLOAT32_RGBA PF_X8R8G8B8 PF_X8B8G8R8 PF_SHORT_RGBA PF_R3G3B2 PF_FLOAT16_R PF_FLOAT32_R PF_SHORT_GR PF_FLOAT16_GR PF_FLOAT32_GR PF_SHORT_RGB 
13:30:41: RenderSystem capabilities
13:30:41: -------------------------
13:30:41: RenderSystem Name: OpenGL Rendering Subsystem
13:30:41: GPU Vendor: unknown
13:30:41: Device Name: Gallium 0.4 on SVGA3D; build: RELEASE;  
13:30:41: Driver Version: 2.1.0.0
13:30:41:  * Fixed function pipeline: yes
13:30:41:  * Hardware generation of mipmaps: yes
13:30:41:  * Texture blending: yes
13:30:41:  * Anisotropic texture filtering: yes
13:30:41:  * Dot product texture operation: yes
13:30:41:  * Cube mapping: yes
13:30:41:  * Hardware stencil buffer: yes
13:30:41:    - Stencil depth: 8
13:30:41:    - Two sided stencil support: yes
13:30:41:    - Wrap stencil values: yes
13:30:41:  * Hardware vertex / index buffers: yes
13:30:41:  * Vertex programs: yes
13:30:41:  * Number of floating-point constants for vertex programs: 4096
13:30:41:  * Number of integer constants for vertex programs: 0
13:30:41:  * Number of boolean constants for vertex programs: 0
13:30:41:  * Fragment programs: yes
13:30:41:  * Number of floating-point constants for fragment programs: 224
13:30:41:  * Number of integer constants for fragment programs: 0
13:30:41:  * Number of boolean constants for fragment programs: 0
13:30:41:  * Geometry programs: no
13:30:41:  * Number of floating-point constants for geometry programs: 2459
13:30:41:  * Number of integer constants for geometry programs: 64172
13:30:41:  * Number of boolean constants for geometry programs: 2459
13:30:41:  * Supported Shader Profiles: arbfp1 arbvp1 glsl
13:30:41:  * Texture Compression: yes
13:30:41:    - DXT: no
13:30:41:    - VTC: no
13:30:41:    - PVRTC: no
13:30:41:  * Scissor Rectangle: yes
13:30:41:  * Hardware Occlusion Query: yes
13:30:41:  * User clip planes: yes
13:30:41:  * VET_UBYTE4 vertex element type: yes
13:30:41:  * Infinite far plane projection: yes
13:30:41:  * Hardware render-to-texture: yes
13:30:41:  * Floating point textures: yes
13:30:41:  * Non-power-of-two textures: yes
13:30:41:  * Volume textures: yes
13:30:41:  * Multiple Render Targets: 8
13:30:41:    - With different bit depths: yes
13:30:41:  * Point Sprites: yes
13:30:41:  * Extended point parameters: yes
13:30:41:  * Max Point Size: 80
13:30:41:  * Vertex texture fetch: no
13:30:41:  * Number of world matrices: 0
13:30:41:  * Number of texture units: 16
13:30:41:  * Stencil buffer depth: 8
13:30:41:  * Number of vertex blend matrices: 0
13:30:41:  * Render to Vertex Buffer : no
13:30:41:  * GL 1.5 without VBO workaround: no
13:30:41:  * Frame Buffer objects: yes
13:30:41:  * Frame Buffer objects (ARB extension): no
13:30:41:  * Frame Buffer objects (ATI extension): no
13:30:41:  * PBuffer support: yes
13:30:41:  * GL 1.5 without HW-occlusion workaround: no
13:30:41: Registering ResourceManager for type Texture
13:30:41: DefaultWorkQueue('Root') initialising on thread 0x9995580.
13:30:41: Particle Renderer Type 'billboard' registered
13:30:41: SceneManagerFactory for type 'BspSceneManager' registered.
13:30:41: Registering ResourceManager for type BspLevel
13:30:41: SceneManagerFactory for type 'PCZSceneManager' registered.
13:30:41: MovableObjectFactory for type 'PCZLight' registered.
13:30:41: MovableObjectFactory for type 'Portal' registered.
13:30:41: MovableObjectFactory for type 'AntiPortal' registered.
13:30:41: DefaultWorkQueue('Root')::WorkerFunc - thread 0x9b1f650 starting.
13:30:43: DefaultWorkQueue('Root') shutting down on thread 0x9995580.
13:30:43: DefaultWorkQueue('Root')::WorkerFunc - thread 0x9b1f650 stopped.
13:30:43: Unregistering ResourceManager for type BspLevel
13:30:43: *-*-* OGRE Shutdown
13:30:43: Unregistering ResourceManager for type Compositor
13:30:43: Unregistering ResourceManager for type Font
13:30:43: Unregistering ResourceManager for type Skeleton
13:30:43: Unregistering ResourceManager for type Mesh
13:30:43: Unregistering ResourceManager for type HighLevelGpuProgram
13:30:43: Uninstalling plugin: Portal Connected Zone Scene Manager
13:30:43: Plugin successfully uninstalled
13:30:43: Unloading library /usr/lib/i386-linux-gnu/OGRE-1.7.4/Plugin_PCZSceneManager
13:30:43: Uninstalling plugin: BSP Scene Manager
13:30:43: Plugin successfully uninstalled
13:30:43: Unloading library /usr/lib/i386-linux-gnu/OGRE-1.7.4/Plugin_BSPSceneManager
13:30:43: Uninstalling plugin: ParticleFX
13:30:43: Plugin successfully uninstalled
13:30:43: Unloading library /usr/lib/i386-linux-gnu/OGRE-1.7.4/Plugin_ParticleFX
13:30:43: Uninstalling plugin: GL RenderSystem
13:30:43: Unregistering ResourceManager for type GpuProgram
13:30:43: ******************************
*** Stopping GLX Subsystem ***
******************************
13:30:43: Unregistering ResourceManager for type Texture
13:30:43: Plugin successfully uninstalled
13:30:43: Unloading library /usr/lib/i386-linux-gnu/OGRE-1.7.4/RenderSystem_GL
13:30:43: Unregistering ResourceManager for type Material
